<?xml version="1.0" encoding="UTF-8"?>
<testsuite xmlns:xsi="http://www.w3.org/2001/XMLSchema-instance" xsi:noNamespaceSchemaLocation="https://maven.apache.org/surefire/maven-surefire-plugin/xsd/surefire-test-report.xsd" version="3.0.2" name="com.sena.sistemainventario.SistemaInventarioApplicationTests" time="4.865" tests="1" errors="0" skipped="0" failures="0" flakes="0">
  <properties>
[...]
</properties>
  <testcase name="contextLoads" classname="com.sena.sistemainventario.SistemaInventarioApplicationTests" time="0.336">
    <system-out><![CDATA[06:53:34.878 [main] INFO org.springframework.test.context.support.AnnotationConfigContextLoaderUtils -- Could not detect default configuration classes for test class [com.sena.sistemainventario.SistemaInventarioApplicationTests]: SistemaInventarioApplicationTests does not declare any static, non-private, non-final, nested classes annotated with @Configuration.
06:53:35.001 [main] INFO org.springframework.boot.test.context.SpringBootTestContextBootstrapper -- Found @SpringBootConfiguration com.sena.sistemainventario.sistemaInventarioApplication for test class com.sena.sistemainventario.SistemaInventarioApplicationTests
06:53:35.098 [main] INFO org.springframework.test.context.support.AnnotationConfigContextLoaderUtils -- Could not detect default configuration classes for test class [com.sena.sistemainventario.SistemaInventarioApplicationTests]: SistemaInventarioApplicationTests does not declare any static, non-private, non-final, nested classes annotated with @Configuration.
06:53:35.100 [main] INFO org.springframework.boot.test.context.SpringBootTestContextBootstrapper -- Found @SpringBootConfiguration com.sena.sistemainventario.sistemaInventarioApplication for test class com.sena.sistemainventario.SistemaInventarioApplicationTests

  .   ____          _            __ _ _
 /\\ / ___'_ __ _ _(_)_ __  __ _ \ \ \ \
( ( )\___ | '_ | '_| | '_ \/ _` | \ \ \ \
 \\/  ___)| |_)| | | | | || (_| |  ) ) ) )
  '  |____| .__|_| |_|_| |_\__, | / / / /
 =========|_|==============|___/=/_/_/_/

 :: Spring Boot ::                (v4.1.0)

2026-09-15T06:53:35.498-05:00  INFO 21320 --- [sistema-inventario] [           main] c.s.s.SistemaInventarioApplicationTests  : Starting SistemaInventarioApplicationTests using Java 23.0.1 with PID 21320 (started by SENA 11 in C:\Users\SENA 11\Downloads\sistema-inventario\sistema-inventario)
2026-09-15T06:53:35.499-05:00  INFO 21320 --- [sistema-inventario] [           main] c.s.s.SistemaInventarioApplicationTests  : No active profile set, falling back to 1 default profile: "default"
2026-09-15T06:53:36.263-05:00  INFO 21320 --- [sistema-inventario] [           main] .s.d.r.c.RepositoryConfigurationDelegate : Bootstrapping Spring Data JPA repositories in DEFAULT mode.
2026-09-15T06:53:36.315-05:00  INFO 21320 --- [sistema-inventario] [           main] .s.d.r.c.RepositoryConfigurationDelegate : Finished Spring Data repository scanning in 44 ms. Found 1 JPA repository interface.
2026-09-15T06:53:36.794-05:00  INFO 21320 --- [sistema-inventario] [           main] org.hibernate.orm.jpa                    : HHH008540: Processing PersistenceUnitInfo [name: default]
2026-09-15T06:53:36.861-05:00  INFO 21320 --- [sistema-inventario] [           main] org.hibernate.orm.core                   : HHH000001: Hibernate ORM core version 7.4.1.Final
2026-09-15T06:53:37.348-05:00  INFO 21320 --- [sistema-inventario] [           main] o.s.o.j.p.SpringPersistenceUnitInfo      : No LoadTimeWeaver setup: ignoring JPA class transformer
2026-09-15T06:53:37.379-05:00  INFO 21320 --- [sistema-inventario] [           main] com.zaxxer.hikari.HikariDataSource       : HikariPool-1 - Starting...
2026-09-15T06:53:37.532-05:00  INFO 21320 --- [sistema-inventario] [           main] com.zaxxer.hikari.pool.HikariPool        : HikariPool-1 - Added connection com.mysql.cj.jdbc.ConnectionImpl@75f65d54
2026-09-15T06:53:37.533-05:00  INFO 21320 --- [sistema-inventario] [           main] com.zaxxer.hikari.HikariDataSource       : HikariPool-1 - Start completed.
2026-09-15T06:53:37.582-05:00  WARN 21320 --- [sistema-inventario] [           main] org.hibernate.orm.core                   : HHH000511: The 5.5.5 version for [org.hibernate.dialect.MySQLDialect] is no longer supported, hence certain features may not work properly.The minimum supported version is 8.0.0. Check the community dialects project for available legacy versions.
2026-09-15T06:53:37.601-05:00  INFO 21320 --- [sistema-inventario] [           main] org.hibernate.orm.connections.pooling    : HHH10001005: Database info:
	Database JDBC URL [jdbc:mysql://localhost:3306/sistema_inventario?useSSL=false&serverTimezone=UTC&characterEncoding=utf8]
	Database driver: MySQL Connector/J
	Database dialect: MySQLDialect
	Database version: 5.5.5
	Default catalog/schema: sistema_inventario/undefined
	Autocommit mode: undefined/unknown
	Isolation level: REPEATABLE_READ [default REPEATABLE_READ]
	JDBC fetch size: none
	Pool: DataSourceConnectionProvider
	Minimum pool size: undefined/unknown
	Maximum pool size: undefined/unknown
2026-09-15T06:53:38.312-05:00  INFO 21320 --- [sistema-inventario] [           main] org.hibernate.orm.core                   : HHH000489: No JTA platform available (set 'hibernate.transaction.jta.platform' to enable JTA platform integration)
2026-09-15T06:53:38.318-05:00  INFO 21320 --- [sistema-inventario] [           main] j.LocalContainerEntityManagerFactoryBean : Initialized JPA EntityManagerFactory for persistence unit 'default'
2026-09-15T06:53:38.403-05:00  INFO 21320 --- [sistema-inventario] [           main] o.s.d.j.r.query.QueryEnhancerFactories   : Hibernate is in classpath; If applicable, HQL parser will be used.
2026-09-15T06:53:38.557-05:00  WARN 21320 --- [sistema-inventario] [           main] JpaBaseConfiguration$JpaWebConfiguration : spring.jpa.open-in-view is enabled by default. Therefore, database queries may be performed during view rendering. Explicitly configure spring.jpa.open-in-view to disable this warning
2026-09-15T06:53:38.577-05:00  INFO 21320 --- [sistema-inventario] [           main] o.s.b.w.a.WelcomePageHandlerMapping      : Adding welcome page: class path resource [static/index.html]
2026-09-15T06:53:38.949-05:00  INFO 21320 --- [sistema-inventario] [           main] c.s.s.SistemaInventarioApplicationTests  : Started SistemaInventarioApplicationTests in 3.775 seconds (process running for 4.901)
Hibernate: 
    select
        p1_0.id,
        p1_0.cantidad,
        p1_0.categoria,
        p1_0.codigo,
        p1_0.nombre,
        p1_0.precio 
    from
        productos p1_0
========================================
📋 LISTA DE PRODUCTOS EN BASE DE DATOS
========================================
ID: 1
NOMBRE: Mouse inalámbrico
PRECIO: 65000.0
CANTIDAD: 20
----------------------------------------
ID: 3
NOMBRE: Teclado mecanico
PRECIO: 250000.0
CANTIDAD: 8
----------------------------------------
ID: 4
NOMBRE: Audífonos
PRECIO: 80000.0
CANTIDAD: 12
----------------------------------------
ID: 5
NOMBRE: pantalla
PRECIO: 1555.0
CANTIDAD: 10
----------------------------------------
✅ Total productos: 4
========================================

]]></system-out>
    <system-err><![CDATA[Mockito is currently self-attaching to enable the inline-mock-maker. This will no longer work in future releases of the JDK. Please add Mockito as an agent to your build as described in Mockito's documentation: https://javadoc.io/doc/org.mockito/mockito-core/latest/org.mockito/org/mockito/Mockito.html#0.3
WARNING: A Java agent has been loaded dynamically (C:\Users\SENA 11\.m2\repository\net\bytebuddy\byte-buddy-agent\1.18.10\byte-buddy-agent-1.18.10.jar)
WARNING: If a serviceability tool is in use, please run with -XX:+EnableDynamicAgentLoading to hide this warning
WARNING: If a serviceability tool is not in use, please run with -Djdk.instrument.traceUsage for more information
WARNING: Dynamic loading of agents will be disallowed by default in a future release
]]></system-err>
  </testcase>
</testsuite>